<?xml version="1.0" encoding="UTF-8"?>
<!-- Generated by org.testng.reporters.JUnitReportReporter -->
<testsuite hostname="Charu" name="automation.SoftAssertExample" tests="1" failures="0" timestamp="22 May 2019 03:13:27 GMT" time="46.634" errors="0">
  <testcase name="verifyHomePage" time="46.634" classname="automation.SoftAssertExample"/>
</testsuite> <!-- automation.SoftAssertExample -->
